<!DOCTYPE html>
<html>
<head>
<meta http-equiv="Content-Type" content="text/html; charset=utf-8"/>
<meta http-equiv="x-ua-compatible" content="IE=edge"/>
<title>Test results - Class com.phonebook.tests.LoginTests</title>
<link href="../css/base-style.css" rel="stylesheet" type="text/css"/>
<link href="../css/style.css" rel="stylesheet" type="text/css"/>
<script src="../js/report.js" type="text/javascript"></script>
</head>
<body>
<div id="content">
<h1>Class com.phonebook.tests.LoginTests</h1>
<div class="breadcrumbs">
<a href="../index.html">all</a> &gt; 
<a href="../packages/com.phonebook.tests.html">com.phonebook.tests</a> &gt; LoginTests</div>
<div id="summary">
<table>
<tr>
<td>
<div class="summaryGroup">
<table>
<tr>
<td>
<div class="infoBox" id="tests">
<div class="counter">1</div>
<p>tests</p>
</div>
</td>
<td>
<div class="infoBox" id="failures">
<div class="counter">0</div>
<p>failures</p>
</div>
</td>
<td>
<div class="infoBox" id="ignored">
<div class="counter">0</div>
<p>ignored</p>
</div>
</td>
<td>
<div class="infoBox" id="duration">
<div class="counter">2.115s</div>
<p>duration</p>
</div>
</td>
</tr>
</table>
</div>
</td>
<td>
<div class="infoBox success" id="successRate">
<div class="percent">100%</div>
<p>successful</p>
</div>
</td>
</tr>
</table>
</div>
<div id="tabs">
<ul class="tabLinks">
<li>
<a href="#tab0">Tests</a>
</li>
<li>
<a href="#tab1">Standard output</a>
</li>
</ul>
<div id="tab0" class="tab">
<h2>Tests</h2>
<table>
<thead>
<tr>
<th>Test</th>
<th>Duration</th>
<th>Result</th>
</tr>
</thead>
<tr>
<td class="success">loginNegativeWithoutEmailTests</td>
<td class="success">2.115s</td>
<td class="success">passed</td>
</tr>
</table>
</div>
<div id="tab1" class="tab">
<h2>Standard output</h2>
<span class="code">
<pre>20:37:29.617 [Test worker] INFO  com.phonebook.tests.TestBase -- Start testloginNegativeWithoutEmailTests[]
20:37:29.620 [Test worker] INFO  com.phonebook.utils.MyListener -- Before find elementsBy.cssSelector: [href='/login']
20:37:29.620 [Test worker] INFO  com.phonebook.utils.MyListener -- ********************************************
20:37:29.681 [Test worker] INFO  com.phonebook.utils.MyListener -- List size is1
20:37:29.682 [Test worker] INFO  com.phonebook.utils.MyListener -- ********************************************
20:37:29.685 [Test worker] INFO  com.phonebook.utils.MyListener -- The locator will findBy.cssSelector: [href='/login']
20:37:29.685 [Test worker] INFO  com.phonebook.utils.MyListener -- ********************************************
20:37:29.751 [Test worker] INFO  com.phonebook.utils.MyListener -- The locator foundBy.cssSelector: [href='/login']
20:37:29.752 [Test worker] INFO  com.phonebook.utils.MyListener -- ********************************************
20:37:29.925 [Test worker] INFO  com.phonebook.utils.MyListener -- The locator will findBy.name: password
20:37:29.925 [Test worker] INFO  com.phonebook.utils.MyListener -- ********************************************
20:37:30.010 [Test worker] INFO  com.phonebook.utils.MyListener -- The locator foundBy.name: password
20:37:30.011 [Test worker] INFO  com.phonebook.utils.MyListener -- ********************************************
20:37:30.109 [Test worker] INFO  com.phonebook.utils.MyListener -- The locator will findBy.name: password
20:37:30.110 [Test worker] INFO  com.phonebook.utils.MyListener -- ********************************************
20:37:30.193 [Test worker] INFO  com.phonebook.utils.MyListener -- The locator foundBy.name: password
20:37:30.194 [Test worker] INFO  com.phonebook.utils.MyListener -- ********************************************
20:37:30.271 [Test worker] INFO  com.phonebook.utils.MyListener -- The locator will findBy.name: password
20:37:30.272 [Test worker] INFO  com.phonebook.utils.MyListener -- ********************************************
20:37:30.349 [Test worker] INFO  com.phonebook.utils.MyListener -- The locator foundBy.name: password
20:37:30.350 [Test worker] INFO  com.phonebook.utils.MyListener -- ********************************************
20:37:30.448 [Test worker] INFO  com.phonebook.utils.MyListener -- The locator will findBy.name: login
20:37:30.449 [Test worker] INFO  com.phonebook.utils.MyListener -- ********************************************
20:37:30.504 [Test worker] INFO  com.phonebook.utils.MyListener -- The locator foundBy.name: login
20:37:30.505 [Test worker] INFO  com.phonebook.utils.MyListener -- ********************************************
20:37:30.687 [Test worker] INFO  com.phonebook.utils.MyListener -- The test has a problem
20:37:30.688 [Test worker] INFO  com.phonebook.utils.MyListener -- ********************************************
20:37:30.689 [Test worker] INFO  com.phonebook.utils.MyListener -- Method--&gt;alert
20:37:30.689 [Test worker] INFO  com.phonebook.utils.MyListener -- ********************************************
20:37:30.693 [Test worker] INFO  com.phonebook.utils.MyListener -- Target Exception--&gt;org.openqa.selenium.NoAlertPresentException: no such alert
  (Session info: chrome=135.0.7049.96)
Build info: version: '4.26.0', revision: '8ccf0219d7'
System info: os.name: 'Windows 11', os.arch: 'amd64', os.version: '10.0', java.version: '17.0.14'
Driver info: org.openqa.selenium.chrome.ChromeDriver
Command: [047f2d97591257fad5376a29a890a38c, getAlertText {}]
Capabilities {acceptInsecureCerts: false, browserName: chrome, browserVersion: 135.0.7049.96, chrome: {chromedriverVersion: 135.0.7049.42 (0f351bbd2617..., userDataDir: C:\Users\arti-\AppData\Loca...}, fedcm:accounts: true, goog:chromeOptions: {debuggerAddress: localhost:53754}, networkConnectionEnabled: false, pageLoadStrategy: normal, platformName: windows, proxy: Proxy(), se:cdp: ws://localhost:53754/devtoo..., se:cdpVersion: 135.0.7049.96, setWindowRect: true, strictFileInteractability: false, timeouts: {implicit: 0, pageLoad: 300000, script: 30000}, unhandledPromptBehavior: dismiss and notify, webauthn:extension:credBlob: true, webauthn:extension:largeBlob: true, webauthn:extension:minPinLength: true, webauthn:extension:prf: true, webauthn:virtualAuthenticators: true}
Session ID: 047f2d97591257fad5376a29a890a38c
20:37:30.694 [Test worker] INFO  com.phonebook.utils.MyListener -- ********************************************
20:37:30.694 [Test worker] INFO  com.phonebook.utils.MyListener -- Object target--&gt;org.openqa.selenium.remote.RemoteWebDriver$RemoteTargetLocator@48840594
20:37:30.694 [Test worker] INFO  com.phonebook.utils.MyListener -- ********************************************
20:37:31.216 [Test worker] INFO  com.phonebook.utils.MyListener -- The test has a problem
20:37:31.216 [Test worker] INFO  com.phonebook.utils.MyListener -- ********************************************
20:37:31.216 [Test worker] INFO  com.phonebook.utils.MyListener -- Method--&gt;alert
20:37:31.216 [Test worker] INFO  com.phonebook.utils.MyListener -- ********************************************
20:37:31.216 [Test worker] INFO  com.phonebook.utils.MyListener -- Target Exception--&gt;org.openqa.selenium.NoAlertPresentException: no such alert
  (Session info: chrome=135.0.7049.96)
Build info: version: '4.26.0', revision: '8ccf0219d7'
System info: os.name: 'Windows 11', os.arch: 'amd64', os.version: '10.0', java.version: '17.0.14'
Driver info: org.openqa.selenium.chrome.ChromeDriver
Command: [047f2d97591257fad5376a29a890a38c, getAlertText {}]
Capabilities {acceptInsecureCerts: false, browserName: chrome, browserVersion: 135.0.7049.96, chrome: {chromedriverVersion: 135.0.7049.42 (0f351bbd2617..., userDataDir: C:\Users\arti-\AppData\Loca...}, fedcm:accounts: true, goog:chromeOptions: {debuggerAddress: localhost:53754}, networkConnectionEnabled: false, pageLoadStrategy: normal, platformName: windows, proxy: Proxy(), se:cdp: ws://localhost:53754/devtoo..., se:cdpVersion: 135.0.7049.96, setWindowRect: true, strictFileInteractability: false, timeouts: {implicit: 0, pageLoad: 300000, script: 30000}, unhandledPromptBehavior: dismiss and notify, webauthn:extension:credBlob: true, webauthn:extension:largeBlob: true, webauthn:extension:minPinLength: true, webauthn:extension:prf: true, webauthn:virtualAuthenticators: true}
Session ID: 047f2d97591257fad5376a29a890a38c
20:37:31.218 [Test worker] INFO  com.phonebook.utils.MyListener -- ********************************************
20:37:31.218 [Test worker] INFO  com.phonebook.utils.MyListener -- Object target--&gt;org.openqa.selenium.remote.RemoteWebDriver$RemoteTargetLocator@1c7f96b1
20:37:31.218 [Test worker] INFO  com.phonebook.utils.MyListener -- ********************************************
20:37:31.804 [Test worker] INFO  com.phonebook.tests.TestBase -- PASSED: loginNegativeWithoutEmailTests
20:37:31.805 [Test worker] INFO  com.phonebook.tests.TestBase -- Stop test
20:37:31.805 [Test worker] INFO  com.phonebook.tests.TestBase -- ====================================================
</pre>
</span>
</div>
</div>
<div id="footer">
<p>
<div>
<label class="hidden" id="label-for-line-wrapping-toggle" for="line-wrapping-toggle">Wrap lines
<input id="line-wrapping-toggle" type="checkbox" autocomplete="off"/>
</label>
</div>Generated by 
<a href="http://www.gradle.org">Gradle 8.11</a> at 21 апр. 2025 г., 20:37:34</p>
</div>
</div>
</body>
</html>
